<?xml version="1.0" encoding="UTF-8"?>
<!-- Generated by org.testng.reporters.JUnitXMLReporter -->
<testsuite ignored="0" hostname="LAPTOP-CCRLHFCB" failures="0" tests="8" name="Default test" time="74.6" errors="0" timestamp="2024-09-13T11:06:08 IST">
  <testcase classname="com.amazon.testcases.OverallAmazonTestCases" name="SignInPageTitle" time="3.278"/>
  <testcase classname="com.amazon.testcases.OverallAmazonTestCases" name="changeLanguageTest" time="9.368"/>
  <testcase classname="com.amazon.testcases.OverallAmazonTestCases" name="SignInTest" time="12.462"/>
  <testcase classname="com.amazon.testcases.OverallAmazonTestCases" name="changeLanguageEnglishTest" time="10.012"/>
  <testcase classname="com.amazon.testcases.OverallAmazonTestCases" name="SearchBarTest" time="9.039"/>
  <testcase classname="com.amazon.testcases.OverallAmazonTestCases" name="SelectProductTest" time="5.834"/>
  <testcase classname="com.amazon.testcases.OverallAmazonTestCases" name="AddToCartTest" time="6.066"/>
  <testcase classname="com.amazon.testcases.OverallAmazonTestCases" name="ProceedToBuyTest" time="18.468"/>
</testsuite> <!-- Default test -->
